Determining if the pthread_create exist failed with the following output:
Change Dir: /home/users/fri/Brahma_fall_2016/3DScanning_ROS/build/CMakeFiles/CMakeTmp

Run Build Command:/usr/bin/make "cmTryCompileExec860863906/fast"
/usr/bin/make -f CMakeFiles/cmTryCompileExec860863906.dir/build.make CMakeFiles/cmTryCompileExec860863906.dir/build
make[1]: Entering directory `/home/users/fri/Brahma_fall_2016/3DScanning_ROS/build/CMakeFiles/CMakeTmp'
/usr/bin/cmake -E cmake_progress_report /home/users/fri/Brahma_fall_2016/3DScanning_ROS/build/CMakeFiles/CMakeTmp/CMakeFiles 1
Building C object CMakeFiles/cmTryCompileExec860863906.dir/CheckSymbolExists.c.o
/usr/bin/cc    -o CMakeFiles/cmTryCompileExec860863906.dir/CheckSymbolExists.c.o   -c /home/users/fri/Brahma_fall_2016/3DScanning_ROS/build/CMakeFiles/CMakeTmp/CheckSymbolExists.c
Linking C executable cmTryCompileExec860863906
/usr/bin/cmake -E cmake_link_script CMakeFiles/cmTryCompileExec860863906.dir/link.txt --verbose=1
/usr/bin/cc       CMakeFiles/cmTryCompileExec860863906.dir/CheckSymbolExists.c.o  -o cmTryCompileExec860863906 -rdynamic 
CMakeFiles/cmTryCompileExec860863906.dir/CheckSymbolExists.c.o: In function `main':
CheckSymbolExists.c:(.text+0x16): undefined reference to `pthread_create'
collect2: error: ld returned 1 exit status
make[1]: Leaving directory `/home/users/fri/Brahma_fall_2016/3DScanning_ROS/build/CMakeFiles/CMakeTmp'
make[1]: *** [cmTryCompileExec860863906] Error 1
make: *** [cmTryCompileExec860863906/fast] Error 2

File /home/users/fri/Brahma_fall_2016/3DScanning_ROS/build/CMakeFiles/CMakeTmp/CheckSymbolExists.c:
/* */
#include <pthread.h>

int main(int argc, char** argv)
{
  (void)argv;
#ifndef pthread_create
  return ((int*)(&pthread_create))[argc];
#else
  (void)argc;
  return 0;
#endif
}

Determining if the function pthread_create exists in the pthreads failed with the following output:
Change Dir: /home/users/fri/Brahma_fall_2016/3DScanning_ROS/build/CMakeFiles/CMakeTmp

Run Build Command:/usr/bin/make "cmTryCompileExec2079105097/fast"
/usr/bin/make -f CMakeFiles/cmTryCompileExec2079105097.dir/build.make CMakeFiles/cmTryCompileExec2079105097.dir/build
make[1]: Entering directory `/home/users/fri/Brahma_fall_2016/3DScanning_ROS/build/CMakeFiles/CMakeTmp'
/usr/bin/cmake -E cmake_progress_report /home/users/fri/Brahma_fall_2016/3DScanning_ROS/build/CMakeFiles/CMakeTmp/CMakeFiles 1
Building C object CMakeFiles/cmTryCompileExec2079105097.dir/CheckFunctionExists.c.o
/usr/bin/cc   -DCHECK_FUNCTION_EXISTS=pthread_create   -o CMakeFiles/cmTryCompileExec2079105097.dir/CheckFunctionExists.c.o   -c /usr/share/cmake-2.8/Modules/CheckFunctionExists.c
Linking C executable cmTryCompileExec2079105097
/usr/bin/cmake -E cmake_link_script CMakeFiles/cmTryCompileExec2079105097.dir/link.txt --verbose=1
/usr/bin/cc   -DCHECK_FUNCTION_EXISTS=pthread_create    CMakeFiles/cmTryCompileExec2079105097.dir/CheckFunctionExists.c.o  -o cmTryCompileExec2079105097 -rdynamic -lpthreads 
/usr/bin/ld: cannot find -lpthreads
collect2: error: ld returned 1 exit status
make[1]: Leaving directory `/home/users/fri/Brahma_fall_2016/3DScanning_ROS/build/CMakeFiles/CMakeTmp'
make[1]: *** [cmTryCompileExec2079105097] Error 1
make: *** [cmTryCompileExec2079105097/fast] Error 2


